<?xml version="1.0" encoding="UTF-8"?>
<!-- Generated by org.testng.reporters.JUnitReportReporter -->
<testsuite hostname="Neelam" failures="0" tests="1" name="com.naveenautomationlabs.AutomationFramework.MyWishListTest" time="8.365" errors="0" timestamp="2023-07-01T21:12:16 EDT" skipped="0">
  <testcase classname="com.naveenautomationlabs.AutomationFramework.MyWishListTest" name="validateGettingCellElementFromTable" time="8.365"/>
  <system-out/>
</testsuite> <!-- com.naveenautomationlabs.AutomationFramework.MyWishListTest -->
