<?xml version="1.0" encoding="UTF-8"?>
<!-- Generated by org.testng.reporters.JUnitReportReporter -->
<testsuite hostname="Neelam" failures="0" tests="1" name="com.naveenautomationlabs.AutomationFramework.AppTest" time="6.763" errors="0" timestamp="15 Jun. 2023 20:25:55 GMT" skipped="0">
  <testcase classname="com.naveenautomationlabs.AutomationFramework.AppTest" name="test" time="6.763"/>
</testsuite> <!-- com.naveenautomationlabs.AutomationFramework.AppTest -->
