<?xml version="1.0" encoding="UTF-8"?>
<!-- Generated by org.testng.reporters.JUnitReportReporter -->
<testsuite hostname="Neelam" failures="0" tests="1" name="com.naveenautomationlabs.AutomationFramework.LaptopsNotebookTest" time="7.118" errors="0" timestamp="2023-07-08T15:33:46 EDT" skipped="0">
  <testcase classname="com.naveenautomationlabs.AutomationFramework.LaptopsNotebookTest" name="validateClickingOnListOfLaptopsNotebookGoTORespectivePage" time="7.118"/>
  <system-out/>
</testsuite> <!-- com.naveenautomationlabs.AutomationFramework.LaptopsNotebookTest -->
