<?xml version="1.0" encoding="UTF-8"?>
<!-- Generated by org.testng.reporters.JUnitReportReporter -->
<testsuite hostname="Neelam" failures="0" tests="8" name="com.naveenautomationlabs.AutomationFramework.YourStoreTest" time="67.308" errors="0" timestamp="2023-07-08T15:33:46 EDT" skipped="0">
  <testcase classname="com.naveenautomationlabs.AutomationFramework.YourStoreTest" name="validateLoginUsingValidCredentials" time="7.032"/>
  <system-out/>
  <testcase classname="com.naveenautomationlabs.AutomationFramework.YourStoreTest" name="validateLoginUsingValidCredentials" time="6.783"/>
  <system-out/>
  <testcase classname="com.naveenautomationlabs.AutomationFramework.YourStoreTest" name="validateWishListIsUpdated" time="8.618"/>
  <system-out/>
  <testcase classname="com.naveenautomationlabs.AutomationFramework.YourStoreTest" name="validateDisplayImageIsMovingOnMainPage" time="8.001"/>
  <system-out/>
  <testcase classname="com.naveenautomationlabs.AutomationFramework.YourStoreTest" name="validateFooterDisplayImagesMoving" time="8.723"/>
  <system-out/>
  <testcase classname="com.naveenautomationlabs.AutomationFramework.YourStoreTest" name="validateLoginUsingValidCredentials" time="6.544"/>
  <system-out/>
  <testcase classname="com.naveenautomationlabs.AutomationFramework.YourStoreTest" name="validateLoginUsingValidCredentials" time="6.723"/>
  <system-out/>
  <testcase classname="com.naveenautomationlabs.AutomationFramework.YourStoreTest" name="validateClickingDisplayItemOnMainPageTakesToItemPage" time="14.884"/>
  <system-out/>
</testsuite> <!-- com.naveenautomationlabs.AutomationFramework.YourStoreTest -->
