<?xml version="1.0" encoding="UTF-8"?>
<!-- Generated by org.testng.reporters.JUnitReportReporter -->
<testsuite hostname="Neelam" failures="0" tests="2" name="com.naveenautomationlabs.AutomationFramework.MyWishListTest" time="12.378" errors="0" timestamp="08 Jul. 2023 20:24:23 GMT" skipped="0">
  <testcase classname="com.naveenautomationlabs.AutomationFramework.MyWishListTest" name="validateGettingCellElementFromTable" time="6.320"/>
  <testcase classname="com.naveenautomationlabs.AutomationFramework.MyWishListTest" name="validateLogin" time="6.058"/>
</testsuite> <!-- com.naveenautomationlabs.AutomationFramework.MyWishListTest -->
