<?xml version="1.0" encoding="UTF-8"?>
<!-- Generated by org.testng.reporters.JUnitReportReporter -->
<testsuite hostname="Neelam" failures="0" tests="1" name="com.naveenautomationlabs.AutomationFramework.LaptopsNotebookTest" time="7.841" errors="0" timestamp="08 Jul. 2023 20:24:23 GMT" skipped="0">
  <testcase classname="com.naveenautomationlabs.AutomationFramework.LaptopsNotebookTest" name="validateClickingOnListOfLaptopsNotebookGoTORespectivePage" time="7.841"/>
</testsuite> <!-- com.naveenautomationlabs.AutomationFramework.LaptopsNotebookTest -->
