<?xml version="1.0" encoding="UTF-8"?>
<!-- Generated by org.testng.reporters.JUnitReportReporter -->
<testsuite hostname="Neelam" failures="0" tests="8" name="com.naveenautomationlabs.AutomationFramework.YourStoreTest" time="55.599" errors="0" timestamp="08 Jul. 2023 20:24:23 GMT" skipped="0">
  <testcase classname="com.naveenautomationlabs.AutomationFramework.YourStoreTest" name="validateLoginUsingValidCredentials" time="9.540"/>
  <testcase classname="com.naveenautomationlabs.AutomationFramework.YourStoreTest" name="validateFooterDisplayImagesMoving" time="8.312"/>
  <testcase classname="com.naveenautomationlabs.AutomationFramework.YourStoreTest" name="validateDisplayImageIsMovingOnMainPage" time="7.186"/>
  <testcase classname="com.naveenautomationlabs.AutomationFramework.YourStoreTest" name="validateLoginUsingValidCredentials" time="5.308"/>
  <testcase classname="com.naveenautomationlabs.AutomationFramework.YourStoreTest" name="validateClickingDisplayItemOnMainPageTakesToItemPage" time="7.250"/>
  <testcase classname="com.naveenautomationlabs.AutomationFramework.YourStoreTest" name="validateWishListIsUpdated" time="7.112"/>
  <testcase classname="com.naveenautomationlabs.AutomationFramework.YourStoreTest" name="validateLoginUsingValidCredentials" time="5.573"/>
  <testcase classname="com.naveenautomationlabs.AutomationFramework.YourStoreTest" name="validateLoginUsingValidCredentials" time="5.318"/>
</testsuite> <!-- com.naveenautomationlabs.AutomationFramework.YourStoreTest -->
